<?xml version="1.0" encoding="UTF-8"?>
<testng-results ignored="0" total="8" passed="8" failed="0" skipped="0">
  <reporter-output>
  </reporter-output>
  <suite started-at="2024-01-18T10:57:57 IST" name="TestNGRunner1" finished-at="2024-01-18T10:59:10 IST" duration-ms="73026">
    <groups>
    </groups>
    <test started-at="2024-01-18T10:57:57 IST" name="TestCycle-1" finished-at="2024-01-18T10:59:10 IST" duration-ms="73026">
      <class name="seleniumScripts.TestAnnotationDemo2">
        <test-method signature="login()[pri:49, instance:seleniumScripts.TestAnnotationDemo2@5b1669c0]" started-at="2024-01-18T10:59:10 IST" name="login" finished-at="2024-01-18T10:59:10 IST" duration-ms="6" status="PASS">
          <reporter-output>
          </reporter-output>
        </test-method> <!-- login -->
        <test-method signature="composeEmail()[pri:50, instance:seleniumScripts.TestAnnotationDemo2@5b1669c0]" started-at="2024-01-18T10:59:10 IST" name="composeEmail" finished-at="2024-01-18T10:59:10 IST" duration-ms="2" status="PASS">
          <reporter-output>
          </reporter-output>
        </test-method> <!-- composeEmail -->
        <test-method signature="SearchEmail()[pri:51, instance:seleniumScripts.TestAnnotationDemo2@5b1669c0]" started-at="2024-01-18T10:59:10 IST" name="SearchEmail" finished-at="2024-01-18T10:59:10 IST" duration-ms="4" status="PASS">
          <reporter-output>
          </reporter-output>
        </test-method> <!-- SearchEmail -->
        <test-method signature="DeleteEmail()[pri:52, instance:seleniumScripts.TestAnnotationDemo2@5b1669c0]" started-at="2024-01-18T10:59:10 IST" name="DeleteEmail" finished-at="2024-01-18T10:59:10 IST" duration-ms="5" status="PASS">
          <reporter-output>
          </reporter-output>
        </test-method> <!-- DeleteEmail -->
        <test-method signature="Logout()[pri:53, instance:seleniumScripts.TestAnnotationDemo2@5b1669c0]" started-at="2024-01-18T10:59:10 IST" name="Logout" finished-at="2024-01-18T10:59:10 IST" duration-ms="38" status="PASS">
          <reporter-output>
          </reporter-output>
        </test-method> <!-- Logout -->
      </class> <!-- seleniumScripts.TestAnnotationDemo2 -->
      <class name="seleniumScripts.TestAnnotation">
        <test-method signature="createAccount()[pri:0, instance:seleniumScripts.TestAnnotation@3e27aa33]" started-at="2024-01-18T10:57:57 IST" name="createAccount" finished-at="2024-01-18T10:58:10 IST" duration-ms="13380" status="PASS">
          <reporter-output>
          </reporter-output>
        </test-method> <!-- createAccount -->
        <test-method signature="login()[pri:0, instance:seleniumScripts.TestAnnotation@3e27aa33]" started-at="2024-01-18T10:58:10 IST" name="login" finished-at="2024-01-18T10:58:33 IST" duration-ms="22767" status="PASS">
          <reporter-output>
          </reporter-output>
        </test-method> <!-- login -->
        <test-method signature="teardown()[pri:0, instance:seleniumScripts.TestAnnotation@3e27aa33]" started-at="2024-01-18T10:58:33 IST" name="teardown" finished-at="2024-01-18T10:59:10 IST" duration-ms="36537" status="PASS">
          <reporter-output>
          </reporter-output>
        </test-method> <!-- teardown -->
      </class> <!-- seleniumScripts.TestAnnotation -->
    </test> <!-- TestCycle-1 -->
  </suite> <!-- TestNGRunner1 -->
</testng-results>
