<?xml version="1.0" encoding="UTF-8"?>
<!-- Generated by org.testng.reporters.JUnitXMLReporter -->
<testsuite ignored="0" hostname="LAPTOP-DOBLN3AU" failures="0" tests="8" name="TestCycle-1" time="73.026" errors="0" timestamp="2024-01-18T10:59:10 IST">
  <testcase classname="seleniumScripts.TestAnnotation" name="createAccount" time="13.38"/>
  <testcase classname="seleniumScripts.TestAnnotation" name="login" time="22.767"/>
  <testcase classname="seleniumScripts.TestAnnotation" name="teardown" time="36.537"/>
  <testcase classname="seleniumScripts.TestAnnotationDemo2" name="login" time="0.006"/>
  <testcase classname="seleniumScripts.TestAnnotationDemo2" name="composeEmail" time="0.002"/>
  <testcase classname="seleniumScripts.TestAnnotationDemo2" name="SearchEmail" time="0.004"/>
  <testcase classname="seleniumScripts.TestAnnotationDemo2" name="DeleteEmail" time="0.005"/>
  <testcase classname="seleniumScripts.TestAnnotationDemo2" name="Logout" time="0.038"/>
</testsuite> <!-- TestCycle-1 -->
